2021/05/18 13:54:02 [KD34AF24DS] kívánt: 22.0, jelenlegi: 15.0, eltérés: 31,82%
2021/05/18 13:54:02 [LRKE4LE234D] kívánt: 21.5, jelenlegi: 15.0, eltérés: 30,23%
2021/05/18 13:54:48 [LRKE4LE234D] kívánt: 21.5, jelenlegi: 15.0, eltérés: 30,23%
2021/05/18 13:54:48 [TTLR3234ZZ] kívánt: 20.0, jelenlegi: 24.0, eltérés: 20,00%
2021/05/18 13:54:48 [EEI23EE12D] kívánt: 22.0, jelenlegi: 15.0, eltérés: 31,82%
2021/05/18 13:55:09 [KD34AF24DS] kívánt: 22.0, jelenlegi: 17.0, eltérés: 22,73%
2021/05/18 13:55:29 [TE34WS3224] kívánt: 21.0, jelenlegi: 16.0, eltérés: 23,81%
2021/05/18 14:07:10 [KD34AF24DS] kívánt: 22.0, jelenlegi: 16.0, eltérés: 27,27%
2021/05/18 14:07:10 [TE34WS3224] kívánt: 21.0, jelenlegi: 16.0, eltérés: 23,81%
2021/05/18 14:07:31 [EEI23EE12D] kívánt: 22.0, jelenlegi: 17.0, eltérés: 22,73%
2021/05/18 14:07:51 [LRKE4LE234D] kívánt: 21.5, jelenlegi: 16.0, eltérés: 25,58%
2021/05/18 14:07:51 [TTLR3234ZZ] kívánt: 20.0, jelenlegi: 16.0, eltérés: 20,00%
2021/05/18 14:07:51 [EEI23EE12D] kívánt: 22.0, jelenlegi: 16.0, eltérés: 27,27%
2021/05/18 14:08:53 [KD34AF24DS] kívánt: 22.0, jelenlegi: 16.0, eltérés: 27,27%
2021/05/18 14:09:11 [TE34WS3224] kívánt: 21.0, jelenlegi: 16.0, eltérés: 23,81%
2021/05/18 14:09:11 [TTLR3234ZZ] kívánt: 20.0, jelenlegi: 16.0, eltérés: 20,00%
2021/05/18 14:09:11 [EEI23EE12D] kívánt: 22.0, jelenlegi: 16.0, eltérés: 27,27%
2021/05/18 14:09:32 [KD34AF24DS] kívánt: 22.0, jelenlegi: 17.0, eltérés: 22,73%
2021/05/18 14:09:52 [KD34AF24DS] kívánt: 22.0, jelenlegi: 16.0, eltérés: 27,27%
2021/05/18 14:10:13 [LRKE4LE234D] kívánt: 21.5, jelenlegi: 16.0, eltérés: 25,58%
2021/05/18 14:10:13 [EEI23EE12D] kívánt: 22.0, jelenlegi: 16.0, eltérés: 27,27%
2021/05/18 14:10:33 [LRKE4LE234D] kívánt: 21.5, jelenlegi: 16.0, eltérés: 25,58%
2021/05/18 14:10:33 [TE34WS3224] kívánt: 21.0, jelenlegi: 15.0, eltérés: 28,57%
2021/05/18 14:10:33 [EEI23EE12D] kívánt: 22.0, jelenlegi: 15.0, eltérés: 31,82%
2021/05/18 14:10:54 [KD34AF24DS] kívánt: 22.0, jelenlegi: 15.0, eltérés: 31,82%
2021/05/18 14:11:14 [TE34WS3224] kívánt: 21.0, jelenlegi: 15.0, eltérés: 28,57%
2021/05/18 14:12:14 [LRKE4LE234D] kívánt: 21.5, jelenlegi: 16.0, eltérés: 25,58%
2021/05/18 14:12:14 [EEI23EE12D] kívánt: 22.0, jelenlegi: 16.0, eltérés: 27,27%
2021/05/18 14:12:34 [KD34AF24DS] kívánt: 22.0, jelenlegi: 16.0, eltérés: 27,27%
2021/05/18 14:12:34 [TE34WS3224] kívánt: 21.0, jelenlegi: 16.0, eltérés: 23,81%
2021/05/18 14:12:34 [TTLR3234ZZ] kívánt: 20.0, jelenlegi: 24.0, eltérés: 20,00%
2021/05/18 14:12:55 [LRKE4LE234D] kívánt: 21.5, jelenlegi: 15.0, eltérés: 30,23%
2021/05/18 14:12:55 [TE34WS3224] kívánt: 21.0, jelenlegi: 16.0, eltérés: 23,81%
2021/05/18 14:13:15 [KD34AF24DS] kívánt: 22.0, jelenlegi: 15.0, eltérés: 31,82%
2021/05/18 14:13:15 [LRKE4LE234D] kívánt: 21.5, jelenlegi: 16.0, eltérés: 25,58%
2021/05/18 14:13:15 [TTLR3234ZZ] kívánt: 20.0, jelenlegi: 15.0, eltérés: 25,00%
2021/05/18 14:13:36 [KD34AF24DS] kívánt: 22.0, jelenlegi: 17.0, eltérés: 22,73%
2021/05/18 14:13:36 [LRKE4LE234D] kívánt: 21.5, jelenlegi: 15.0, eltérés: 30,23%
2021/05/18 14:13:56 [LRKE4LE234D] kívánt: 21.5, jelenlegi: 17.0, eltérés: 20,93%
2021/05/18 14:14:17 [KD34AF24DS] kívánt: 22.0, jelenlegi: 17.0, eltérés: 22,73%
2021/05/18 14:14:17 [EEI23EE12D] kívánt: 22.0, jelenlegi: 16.0, eltérés: 27,27%
2021/05/18 14:14:38 [KD34AF24DS] kívánt: 22.0, jelenlegi: 15.0, eltérés: 31,82%
2021/05/18 14:14:54 [TTLR3234ZZ] kívánt: 20.0, jelenlegi: 16.0, eltérés: 20,00%
2021/05/18 14:15:14 [TE34WS3224] kívánt: 21.0, jelenlegi: 16.0, eltérés: 23,81%
2021/05/18 14:15:35 [KD34AF24DS] kívánt: 22.0, jelenlegi: 17.0, eltérés: 22,73%
2021/05/18 14:15:35 [LRKE4LE234D] kívánt: 21.5, jelenlegi: 17.0, eltérés: 20,93%
2021/05/18 14:15:35 [TE34WS3224] kívánt: 21.0, jelenlegi: 16.0, eltérés: 23,81%
2021/05/18 14:15:55 [KD34AF24DS] kívánt: 22.0, jelenlegi: 17.0, eltérés: 22,73%
2021/05/18 14:15:55 [LRKE4LE234D] kívánt: 21.5, jelenlegi: 16.0, eltérés: 25,58%
2021/05/18 14:15:55 [EEI23EE12D] kívánt: 22.0, jelenlegi: 15.0, eltérés: 31,82%
2021/05/18 14:16:16 [TE34WS3224] kívánt: 21.0, jelenlegi: 16.0, eltérés: 23,81%
2021/05/18 14:16:16 [TTLR3234ZZ] kívánt: 20.0, jelenlegi: 15.0, eltérés: 25,00%
2021/05/18 14:16:36 [LRKE4LE234D] kívánt: 21.5, jelenlegi: 16.0, eltérés: 25,58%
2021/05/18 14:16:36 [TTLR3234ZZ] kívánt: 20.0, jelenlegi: 15.0, eltérés: 25,00%
2021/05/18 14:16:55 [KD34AF24DS] kívánt: 22.0, jelenlegi: 15.0, eltérés: 31,82%
2021/05/18 14:16:55 [EEI23EE12D] kívánt: 22.0, jelenlegi: 17.0, eltérés: 22,73%
2021/05/18 14:17:15 [KD34AF24DS] kívánt: 22.0, jelenlegi: 16.0, eltérés: 27,27%
2021/05/18 14:17:15 [TE34WS3224] kívánt: 21.0, jelenlegi: 16.0, eltérés: 23,81%
2021/05/18 14:17:15 [TTLR3234ZZ] kívánt: 20.0, jelenlegi: 15.0, eltérés: 25,00%
2021/05/18 14:17:36 [KD34AF24DS] kívánt: 22.0, jelenlegi: 15.0, eltérés: 31,82%
2021/05/18 14:17:36 [TTLR3234ZZ] kívánt: 20.0, jelenlegi: 16.0, eltérés: 20,00%
2021/05/18 14:18:15 [LRKE4LE234D] kívánt: 21.5, jelenlegi: 15.0, eltérés: 30,23%
2021/05/18 14:18:15 [TTLR3234ZZ] kívánt: 20.0, jelenlegi: 24.0, eltérés: 20,00%
2021/05/18 14:18:52 [EEI23EE12D] kívánt: 22.0, jelenlegi: 16.0, eltérés: 27,27%
2021/05/18 14:19:12 [KD34AF24DS] kívánt: 22.0, jelenlegi: 16.0, eltérés: 27,27%
2021/05/18 14:19:12 [TTLR3234ZZ] kívánt: 20.0, jelenlegi: 15.0, eltérés: 25,00%
2021/05/18 14:19:34 [KD34AF24DS] kívánt: 22.0, jelenlegi: 16.0, eltérés: 27,27%
2021/05/18 14:19:54 [KD34AF24DS] kívánt: 22.0, jelenlegi: 15.0, eltérés: 31,82%
2021/05/18 14:19:54 [TE34WS3224] kívánt: 21.0, jelenlegi: 16.0, eltérés: 23,81%
2021/05/18 14:19:54 [TTLR3234ZZ] kívánt: 20.0, jelenlegi: 16.0, eltérés: 20,00%
2021/05/18 14:20:15 [TTLR3234ZZ] kívánt: 20.0, jelenlegi: 24.0, eltérés: 20,00%
2021/05/18 14:20:15 [EEI23EE12D] kívánt: 22.0, jelenlegi: 16.0, eltérés: 27,27%
2021/05/18 14:20:35 [KD34AF24DS] kívánt: 22.0, jelenlegi: 16.0, eltérés: 27,27%
2021/05/18 14:21:16 [EEI23EE12D] kívánt: 22.0, jelenlegi: 15.0, eltérés: 31,82%
2021/05/18 14:21:37 [KD34AF24DS] kívánt: 22.0, jelenlegi: 17.0, eltérés: 22,73%
2021/05/18 14:21:55 [TE34WS3224] kívánt: 21.0, jelenlegi: 16.0, eltérés: 23,81%
2021/05/18 14:21:55 [TTLR3234ZZ] kívánt: 20.0, jelenlegi: 15.0, eltérés: 25,00%
2021/05/18 14:21:55 [EEI23EE12D] kívánt: 22.0, jelenlegi: 17.0, eltérés: 22,73%
2021/05/18 14:22:14 [TE34WS3224] kívánt: 21.0, jelenlegi: 16.0, eltérés: 23,81%
2021/05/18 14:22:14 [EEI23EE12D] kívánt: 22.0, jelenlegi: 16.0, eltérés: 27,27%
2021/05/18 14:22:34 [EEI23EE12D] kívánt: 22.0, jelenlegi: 16.0, eltérés: 27,27%
2021/05/18 14:22:53 [KD34AF24DS] kívánt: 22.0, jelenlegi: 17.0, eltérés: 22,73%
2021/05/18 14:23:11 [KD34AF24DS] kívánt: 22.0, jelenlegi: 15.0, eltérés: 31,82%
2021/05/18 14:23:11 [TE34WS3224] kívánt: 21.0, jelenlegi: 15.0, eltérés: 28,57%
2021/05/18 14:24:11 [LRKE4LE234D] kívánt: 21.5, jelenlegi: 16.0, eltérés: 25,58%
2021/05/18 14:24:51 [TTLR3234ZZ] kívánt: 20.0, jelenlegi: 24.0, eltérés: 20,00%
2021/05/18 14:25:10 [TE34WS3224] kívánt: 21.0, jelenlegi: 15.0, eltérés: 28,57%
2021/05/18 14:25:30 [EEI23EE12D] kívánt: 22.0, jelenlegi: 15.0, eltérés: 31,82%
2021/05/18 14:25:51 [LRKE4LE234D] kívánt: 21.5, jelenlegi: 16.0, eltérés: 25,58%
2021/05/18 14:26:07 [LRKE4LE234D] kívánt: 21.5, jelenlegi: 16.0, eltérés: 25,58%
2021/05/18 14:26:07 [TTLR3234ZZ] kívánt: 20.0, jelenlegi: 15.0, eltérés: 25,00%
2021/05/18 14:26:07 [EEI23EE12D] kívánt: 22.0, jelenlegi: 17.0, eltérés: 22,73%
2021/05/18 14:26:28 [LRKE4LE234D] kívánt: 21.5, jelenlegi: 17.0, eltérés: 20,93%
2021/05/18 14:26:48 [LRKE4LE234D] kívánt: 21.5, jelenlegi: 16.0, eltérés: 25,58%
2021/05/18 14:26:48 [TE34WS3224] kívánt: 21.0, jelenlegi: 15.0, eltérés: 28,57%
2021/05/18 14:27:09 [LRKE4LE234D] kívánt: 21.5, jelenlegi: 15.0, eltérés: 30,23%
2021/05/18 14:27:09 [TE34WS3224] kívánt: 21.0, jelenlegi: 16.0, eltérés: 23,81%
2021/05/18 14:27:27 [TTLR3234ZZ] kívánt: 20.0, jelenlegi: 15.0, eltérés: 25,00%
2021/05/18 14:27:48 [LRKE4LE234D] kívánt: 21.5, jelenlegi: 15.0, eltérés: 30,23%
2021/05/18 14:27:48 [TTLR3234ZZ] kívánt: 20.0, jelenlegi: 24.0, eltérés: 20,00%
2021/05/18 14:28:08 [LRKE4LE234D] kívánt: 21.5, jelenlegi: 15.0, eltérés: 30,23%
2021/05/18 14:28:08 [TE34WS3224] kívánt: 21.0, jelenlegi: 15.0, eltérés: 28,57%
2021/05/18 14:28:49 [KD34AF24DS] kívánt: 22.0, jelenlegi: 16.0, eltérés: 27,27%
2021/05/18 14:28:49 [TE34WS3224] kívánt: 21.0, jelenlegi: 16.0, eltérés: 23,81%
2021/05/18 14:29:10 [KD34AF24DS] kívánt: 22.0, jelenlegi: 15.0, eltérés: 31,82%
2021/05/18 14:29:10 [TTLR3234ZZ] kívánt: 20.0, jelenlegi: 15.0, eltérés: 25,00%
2021/05/18 14:29:30 [LRKE4LE234D] kívánt: 21.5, jelenlegi: 15.0, eltérés: 30,23%
2021/05/18 14:29:30 [TTLR3234ZZ] kívánt: 20.0, jelenlegi: 24.0, eltérés: 20,00%
2021/05/18 14:29:30 [EEI23EE12D] kívánt: 22.0, jelenlegi: 15.0, eltérés: 31,82%
2021/05/18 14:29:51 [EEI23EE12D] kívánt: 22.0, jelenlegi: 15.0, eltérés: 31,82%
2021/05/18 14:30:09 [TTLR3234ZZ] kívánt: 20.0, jelenlegi: 16.0, eltérés: 20,00%
2021/05/18 14:30:09 [EEI23EE12D] kívánt: 22.0, jelenlegi: 17.0, eltérés: 22,73%
2021/05/18 14:30:28 [LRKE4LE234D] kívánt: 21.5, jelenlegi: 15.0, eltérés: 30,23%
2021/05/18 14:30:28 [TTLR3234ZZ] kívánt: 20.0, jelenlegi: 15.0, eltérés: 25,00%
2021/05/18 14:30:46 [KD34AF24DS] kívánt: 22.0, jelenlegi: 16.0, eltérés: 27,27%
2021/05/18 14:31:25 [KD34AF24DS] kívánt: 22.0, jelenlegi: 15.0, eltérés: 31,82%
2021/05/18 14:31:25 [TE34WS3224] kívánt: 21.0, jelenlegi: 16.0, eltérés: 23,81%
2021/05/18 14:31:43 [TE34WS3224] kívánt: 21.0, jelenlegi: 15.0, eltérés: 28,57%
2021/05/18 14:31:43 [TTLR3234ZZ] kívánt: 20.0, jelenlegi: 16.0, eltérés: 20,00%
2021/05/18 14:32:04 [EEI23EE12D] kívánt: 22.0, jelenlegi: 16.0, eltérés: 27,27%
2021/05/18 14:32:25 [KD34AF24DS] kívánt: 22.0, jelenlegi: 17.0, eltérés: 22,73%
2021/05/18 14:32:45 [KD34AF24DS] kívánt: 22.0, jelenlegi: 16.0, eltérés: 27,27%
2021/05/18 14:32:45 [TE34WS3224] kívánt: 21.0, jelenlegi: 15.0, eltérés: 28,57%
2021/05/18 14:33:24 [LRKE4LE234D] kívánt: 21.5, jelenlegi: 17.0, eltérés: 20,93%
2021/05/18 14:33:42 [LRKE4LE234D] kívánt: 21.5, jelenlegi: 17.0, eltérés: 20,93%
2021/05/18 14:33:42 [EEI23EE12D] kívánt: 22.0, jelenlegi: 16.0, eltérés: 27,27%
2021/05/18 14:34:03 [TTLR3234ZZ] kívánt: 20.0, jelenlegi: 15.0, eltérés: 25,00%
2021/05/18 14:34:23 [KD34AF24DS] kívánt: 22.0, jelenlegi: 17.0, eltérés: 22,73%
2021/05/18 14:34:23 [TTLR3234ZZ] kívánt: 20.0, jelenlegi: 15.0, eltérés: 25,00%
2021/05/18 14:34:44 [LRKE4LE234D] kívánt: 21.5, jelenlegi: 17.0, eltérés: 20,93%
2021/05/18 14:35:23 [KD34AF24DS] kívánt: 22.0, jelenlegi: 17.0, eltérés: 22,73%
2021/05/18 14:35:23 [EEI23EE12D] kívánt: 22.0, jelenlegi: 15.0, eltérés: 31,82%
2021/05/18 14:35:44 [KD34AF24DS] kívánt: 22.0, jelenlegi: 15.0, eltérés: 31,82%
2021/05/18 14:35:44 [LRKE4LE234D] kívánt: 21.5, jelenlegi: 16.0, eltérés: 25,58%
2021/05/18 14:35:44 [EEI23EE12D] kívánt: 22.0, jelenlegi: 16.0, eltérés: 27,27%
2021/05/18 14:36:25 [KD34AF24DS] kívánt: 22.0, jelenlegi: 15.0, eltérés: 31,82%
2021/05/18 14:36:25 [LRKE4LE234D] kívánt: 21.5, jelenlegi: 15.0, eltérés: 30,23%
2021/05/18 14:37:04 [TTLR3234ZZ] kívánt: 20.0, jelenlegi: 15.0, eltérés: 25,00%
2021/05/18 14:37:24 [TE34WS3224] kívánt: 21.0, jelenlegi: 15.0, eltérés: 28,57%
2021/05/18 14:37:43 [TE34WS3224] kívánt: 21.0, jelenlegi: 15.0, eltérés: 28,57%
2021/05/18 14:37:43 [TTLR3234ZZ] kívánt: 20.0, jelenlegi: 24.0, eltérés: 20,00%
2021/05/18 14:38:01 [KD34AF24DS] kívánt: 22.0, jelenlegi: 15.0, eltérés: 31,82%
2021/05/18 14:38:01 [LRKE4LE234D] kívánt: 21.5, jelenlegi: 16.0, eltérés: 25,58%
2021/05/18 14:38:01 [TTLR3234ZZ] kívánt: 20.0, jelenlegi: 16.0, eltérés: 20,00%
2021/05/18 14:38:42 [TTLR3234ZZ] kívánt: 20.0, jelenlegi: 16.0, eltérés: 20,00%
2021/05/18 14:38:42 [EEI23EE12D] kívánt: 22.0, jelenlegi: 17.0, eltérés: 22,73%
2021/05/18 14:39:21 [KD34AF24DS] kívánt: 22.0, jelenlegi: 16.0, eltérés: 27,27%
2021/05/18 14:39:21 [TTLR3234ZZ] kívánt: 20.0, jelenlegi: 15.0, eltérés: 25,00%
2021/05/18 14:39:41 [EEI23EE12D] kívánt: 22.0, jelenlegi: 17.0, eltérés: 22,73%
2021/05/18 14:40:00 [KD34AF24DS] kívánt: 22.0, jelenlegi: 16.0, eltérés: 27,27%
2021/05/18 14:40:00 [LRKE4LE234D] kívánt: 21.5, jelenlegi: 15.0, eltérés: 30,23%
2021/05/18 14:40:00 [TTLR3234ZZ] kívánt: 20.0, jelenlegi: 16.0, eltérés: 20,00%
2021/05/18 14:40:41 [LRKE4LE234D] kívánt: 21.5, jelenlegi: 15.0, eltérés: 30,23%
2021/05/18 14:40:59 [KD34AF24DS] kívánt: 22.0, jelenlegi: 16.0, eltérés: 27,27%
2021/05/18 14:40:59 [EEI23EE12D] kívánt: 22.0, jelenlegi: 16.0, eltérés: 27,27%
2021/05/18 14:41:20 [EEI23EE12D] kívánt: 22.0, jelenlegi: 15.0, eltérés: 31,82%
2021/05/18 14:41:38 [TE34WS3224] kívánt: 21.0, jelenlegi: 16.0, eltérés: 23,81%
2021/05/18 14:41:38 [TTLR3234ZZ] kívánt: 20.0, jelenlegi: 24.0, eltérés: 20,00%
2021/05/18 14:41:55 [TE34WS3224] kívánt: 21.0, jelenlegi: 16.0, eltérés: 23,81%
2021/05/18 14:41:55 [EEI23EE12D] kívánt: 22.0, jelenlegi: 15.0, eltérés: 31,82%
2021/05/18 14:42:15 [TE34WS3224] kívánt: 21.0, jelenlegi: 16.0, eltérés: 23,81%
2021/05/18 14:42:15 [TTLR3234ZZ] kívánt: 20.0, jelenlegi: 15.0, eltérés: 25,00%
2021/05/18 14:42:34 [KD34AF24DS] kívánt: 22.0, jelenlegi: 17.0, eltérés: 22,73%
2021/05/18 14:42:34 [LRKE4LE234D] kívánt: 21.5, jelenlegi: 17.0, eltérés: 20,93%
2021/05/18 14:42:34 [TE34WS3224] kívánt: 21.0, jelenlegi: 16.0, eltérés: 23,81%
2021/05/18 14:42:34 [EEI23EE12D] kívánt: 22.0, jelenlegi: 16.0, eltérés: 27,27%
2021/05/18 14:43:13 [TE34WS3224] kívánt: 21.0, jelenlegi: 16.0, eltérés: 23,81%
2021/05/18 14:43:13 [TTLR3234ZZ] kívánt: 20.0, jelenlegi: 16.0, eltérés: 20,00%
2021/05/18 14:43:13 [EEI23EE12D] kívánt: 22.0, jelenlegi: 17.0, eltérés: 22,73%
2021/05/18 14:43:33 [LRKE4LE234D] kívánt: 21.5, jelenlegi: 17.0, eltérés: 20,93%
2021/05/18 14:43:33 [TTLR3234ZZ] kívánt: 20.0, jelenlegi: 16.0, eltérés: 20,00%
2021/05/18 14:43:33 [EEI23EE12D] kívánt: 22.0, jelenlegi: 16.0, eltérés: 27,27%
2021/05/18 14:43:52 [KD34AF24DS] kívánt: 22.0, jelenlegi: 15.0, eltérés: 31,82%
2021/05/18 14:43:52 [LRKE4LE234D] kívánt: 21.5, jelenlegi: 15.0, eltérés: 30,23%
2021/05/18 14:43:52 [EEI23EE12D] kívánt: 22.0, jelenlegi: 15.0, eltérés: 31,82%
2021/05/18 14:44:10 [LRKE4LE234D] kívánt: 21.5, jelenlegi: 16.0, eltérés: 25,58%
2021/05/18 14:44:10 [EEI23EE12D] kívánt: 22.0, jelenlegi: 15.0, eltérés: 31,82%
2021/05/18 14:44:31 [KD34AF24DS] kívánt: 22.0, jelenlegi: 16.0, eltérés: 27,27%
2021/05/18 14:44:31 [LRKE4LE234D] kívánt: 21.5, jelenlegi: 16.0, eltérés: 25,58%
2021/05/18 14:44:31 [EEI23EE12D] kívánt: 22.0, jelenlegi: 16.0, eltérés: 27,27%
2021/05/18 14:44:51 [KD34AF24DS] kívánt: 22.0, jelenlegi: 17.0, eltérés: 22,73%
2021/05/18 14:44:51 [EEI23EE12D] kívánt: 22.0, jelenlegi: 17.0, eltérés: 22,73%
2021/05/18 14:45:12 [EEI23EE12D] kívánt: 22.0, jelenlegi: 16.0, eltérés: 27,27%
2021/05/18 14:45:32 [KD34AF24DS] kívánt: 22.0, jelenlegi: 15.0, eltérés: 31,82%
2021/05/18 14:45:32 [TTLR3234ZZ] kívánt: 20.0, jelenlegi: 16.0, eltérés: 20,00%
2021/05/18 14:45:32 [EEI23EE12D] kívánt: 22.0, jelenlegi: 16.0, eltérés: 27,27%
2021/05/18 14:46:13 [LRKE4LE234D] kívánt: 21.5, jelenlegi: 17.0, eltérés: 20,93%
2021/05/18 14:46:13 [TTLR3234ZZ] kívánt: 20.0, jelenlegi: 24.0, eltérés: 20,00%
2021/05/18 14:47:11 [LRKE4LE234D] kívánt: 21.5, jelenlegi: 15.0, eltérés: 30,23%
2021/05/18 14:47:11 [EEI23EE12D] kívánt: 22.0, jelenlegi: 16.0, eltérés: 27,27%
2021/05/18 14:47:31 [TE34WS3224] kívánt: 21.0, jelenlegi: 15.0, eltérés: 28,57%
2021/05/18 14:47:31 [EEI23EE12D] kívánt: 22.0, jelenlegi: 17.0, eltérés: 22,73%
2021/05/18 14:47:48 [KD34AF24DS] kívánt: 22.0, jelenlegi: 17.0, eltérés: 22,73%
2021/05/18 14:47:48 [LRKE4LE234D] kívánt: 21.5, jelenlegi: 17.0, eltérés: 20,93%
2021/05/18 14:47:48 [EEI23EE12D] kívánt: 22.0, jelenlegi: 15.0, eltérés: 31,82%
2021/05/18 14:48:06 [TTLR3234ZZ] kívánt: 20.0, jelenlegi: 24.0, eltérés: 20,00%
2021/05/18 14:48:06 [EEI23EE12D] kívánt: 22.0, jelenlegi: 15.0, eltérés: 31,82%
2021/05/18 14:48:27 [LRKE4LE234D] kívánt: 21.5, jelenlegi: 15.0, eltérés: 30,23%
2021/05/18 14:48:27 [EEI23EE12D] kívánt: 22.0, jelenlegi: 16.0, eltérés: 27,27%
2021/05/18 14:49:04 [KD34AF24DS] kívánt: 22.0, jelenlegi: 16.0, eltérés: 27,27%
2021/05/18 14:49:04 [EEI23EE12D] kívánt: 22.0, jelenlegi: 16.0, eltérés: 27,27%
2021/05/18 14:49:24 [KD34AF24DS] kívánt: 22.0, jelenlegi: 17.0, eltérés: 22,73%
2021/05/18 14:49:24 [TE34WS3224] kívánt: 21.0, jelenlegi: 16.0, eltérés: 23,81%
2021/05/18 14:49:24 [EEI23EE12D] kívánt: 22.0, jelenlegi: 17.0, eltérés: 22,73%
2021/05/18 14:49:45 [KD34AF24DS] kívánt: 22.0, jelenlegi: 15.0, eltérés: 31,82%
2021/05/18 14:49:45 [TE34WS3224] kívánt: 21.0, jelenlegi: 16.0, eltérés: 23,81%
2021/05/18 14:49:45 [TTLR3234ZZ] kívánt: 20.0, jelenlegi: 24.0, eltérés: 20,00%
2021/05/18 14:50:05 [LRKE4LE234D] kívánt: 21.5, jelenlegi: 16.0, eltérés: 25,58%
2021/05/18 14:50:05 [TTLR3234ZZ] kívánt: 20.0, jelenlegi: 24.0, eltérés: 20,00%
2021/05/18 14:50:05 [EEI23EE12D] kívánt: 22.0, jelenlegi: 16.0, eltérés: 27,27%
2021/05/18 14:50:44 [LRKE4LE234D] kívánt: 21.5, jelenlegi: 17.0, eltérés: 20,93%
2021/05/18 14:50:44 [EEI23EE12D] kívánt: 22.0, jelenlegi: 17.0, eltérés: 22,73%
2021/05/18 14:51:05 [TE34WS3224] kívánt: 21.0, jelenlegi: 15.0, eltérés: 28,57%
2021/05/18 14:51:05 [TTLR3234ZZ] kívánt: 20.0, jelenlegi: 15.0, eltérés: 25,00%
2021/05/18 14:51:25 [KD34AF24DS] kívánt: 22.0, jelenlegi: 16.0, eltérés: 27,27%
2021/05/18 14:51:25 [TE34WS3224] kívánt: 21.0, jelenlegi: 16.0, eltérés: 23,81%
2021/05/18 14:51:25 [EEI23EE12D] kívánt: 22.0, jelenlegi: 16.0, eltérés: 27,27%
2021/05/18 14:51:46 [EEI23EE12D] kívánt: 22.0, jelenlegi: 17.0, eltérés: 22,73%
2021/05/18 14:52:06 [KD34AF24DS] kívánt: 22.0, jelenlegi: 15.0, eltérés: 31,82%
2021/05/18 14:52:06 [TE34WS3224] kívánt: 21.0, jelenlegi: 16.0, eltérés: 23,81%
2021/05/18 14:52:25 [TTLR3234ZZ] kívánt: 20.0, jelenlegi: 16.0, eltérés: 20,00%
2021/05/18 14:52:45 [KD34AF24DS] kívánt: 22.0, jelenlegi: 17.0, eltérés: 22,73%
2021/05/18 14:53:06 [LRKE4LE234D] kívánt: 21.5, jelenlegi: 15.0, eltérés: 30,23%
2021/05/18 14:53:26 [TTLR3234ZZ] kívánt: 20.0, jelenlegi: 24.0, eltérés: 20,00%
2021/05/18 14:53:45 [TE34WS3224] kívánt: 21.0, jelenlegi: 15.0, eltérés: 28,57%
